<?xml version="1.0" encoding="UTF-8" ?>
<testsuite tests="6" failures="0" name="com.epam.kata.csv_processor.client.CsvProcessorClientTest" time="0.552" errors="0" skipped="0">
  <properties>
[...]
</properties>
  <testcase classname="com.epam.kata.csv_processor.client.CsvProcessorClientTest" name="sortCsvFileContentByAge" time="0.541"/>
  <testcase classname="com.epam.kata.csv_processor.client.CsvProcessorClientTest" name="getColumnNamesHavingNullOrEmptyValues" time="0"/>
  <testcase classname="com.epam.kata.csv_processor.client.CsvProcessorClientTest" name="loadDataForInvalidFile" time="0.008"/>
  <testcase classname="com.epam.kata.csv_processor.client.CsvProcessorClientTest" name="deletRowByNameAndGetEntity" time="0.002"/>
  <testcase classname="com.epam.kata.csv_processor.client.CsvProcessorClientTest" name="getClonedCopy" time="0.001"/>
  <testcase classname="com.epam.kata.csv_processor.client.CsvProcessorClientTest" name="loadData" time="0"/>
</testsuite>